2016/04/26 02:05:29 - FMain.actionPerformed(FMain.java:351)
	FMain.btnAssignTeamPlayers_Click(FMain.java:479)
	FMain.AssignTeamPlayers(FMain.java:500)
	TeamPlayers.DAssignTeamPlayers.<init>(DAssignTeamPlayers.java:69)
	TeamPlayers.DAssignTeamPlayers.Initialize(DAssignTeamPlayers.java:105)
defaultCloseOperation must be one of: DO_NOTHING_ON_CLOSE, HIDE_ON_CLOSE, or DISPOSE_ON_CLOSE
2016/04/26 10:53:40 - FMain.actionPerformed(FMain.java:351)
	FMain.btnAssignTeamPlayers_Click(FMain.java:479)
	FMain.AssignTeamPlayers(FMain.java:500)
	TeamPlayers.DAssignTeamPlayers.<init>(DAssignTeamPlayers.java:69)
	TeamPlayers.DAssignTeamPlayers.Initialize(DAssignTeamPlayers.java:105)
defaultCloseOperation must be one of: DO_NOTHING_ON_CLOSE, HIDE_ON_CLOSE, or DISPOSE_ON_CLOSE
2016/04/26 10:56:15 - FMain.actionPerformed(FMain.java:351)
	FMain.btnAssignTeamPlayers_Click(FMain.java:479)
	FMain.AssignTeamPlayers(FMain.java:500)
	TeamPlayers.DAssignTeamPlayers.<init>(DAssignTeamPlayers.java:69)
	TeamPlayers.DAssignTeamPlayers.Initialize(DAssignTeamPlayers.java:105)
defaultCloseOperation must be one of: DO_NOTHING_ON_CLOSE, HIDE_ON_CLOSE, or DISPOSE_ON_CLOSE
2016/04/26 10:57:14 - FMain.actionPerformed(FMain.java:351)
	FMain.btnAssignTeamPlayers_Click(FMain.java:479)
	FMain.AssignTeamPlayers(FMain.java:500)
	TeamPlayers.DAssignTeamPlayers.<init>(DAssignTeamPlayers.java:69)
	TeamPlayers.DAssignTeamPlayers.Initialize(DAssignTeamPlayers.java:105)
defaultCloseOperation must be one of: DO_NOTHING_ON_CLOSE, HIDE_ON_CLOSE, or DISPOSE_ON_CLOSE
2016/04/26 11:02:28 - FMain.actionPerformed(FMain.java:351)
	FMain.btnAssignTeamPlayers_Click(FMain.java:479)
	FMain.AssignTeamPlayers(FMain.java:500)
	TeamPlayers.DAssignTeamPlayers.<init>(DAssignTeamPlayers.java:69)
	TeamPlayers.DAssignTeamPlayers.Initialize(DAssignTeamPlayers.java:105)
defaultCloseOperation must be one of: DO_NOTHING_ON_CLOSE, HIDE_ON_CLOSE, or DISPOSE_ON_CLOSE
2016/04/26 11:06:18 - FMain.actionPerformed(FMain.java:351)
	FMain.btnAssignTeamPlayers_Click(FMain.java:479)
	FMain.AssignTeamPlayers(FMain.java:500)
	TeamPlayers.DAssignTeamPlayers.<init>(DAssignTeamPlayers.java:69)
	TeamPlayers.DAssignTeamPlayers.Initialize(DAssignTeamPlayers.java:105)
defaultCloseOperation must be one of: DO_NOTHING_ON_CLOSE, HIDE_ON_CLOSE, or DISPOSE_ON_CLOSE
2016/04/26 11:07:29 - FMain.actionPerformed(FMain.java:351)
	FMain.btnAssignTeamPlayers_Click(FMain.java:479)
	FMain.AssignTeamPlayers(FMain.java:500)
	TeamPlayers.DAssignTeamPlayers.<init>(DAssignTeamPlayers.java:69)
	TeamPlayers.DAssignTeamPlayers.Initialize(DAssignTeamPlayers.java:105)
defaultCloseOperation must be one of: DO_NOTHING_ON_CLOSE, HIDE_ON_CLOSE, or DISPOSE_ON_CLOSE
2016/04/26 11:13:47 - FMain.actionPerformed(FMain.java:351)
	FMain.btnAssignTeamPlayers_Click(FMain.java:479)
	FMain.AssignTeamPlayers(FMain.java:503)
	TeamPlayers.DAssignTeamPlayers.windowOpened(DAssignTeamPlayers.java:194)
	Utilities.CDatabaseUtilities.LoadComboBoxFromDatabase(CDatabaseUtilities.java:212)
	Utilities.CComboBox.SetSelectedIndex(CComboBox.java:624)
	Utilities.CComboBox.itemStateChanged(CComboBox.java:991)
	TeamPlayers.DAssignTeamPlayers.itemStateChanged(DAssignTeamPlayers.java:253)
	TeamPlayers.DAssignTeamPlayers.LoadTeamPlayers(DAssignTeamPlayers.java:286)
	Utilities.CDatabaseUtilities.LoadListWithPlayersFromDatabase(CDatabaseUtilities.java:534)
	net.ucanaccess.jdbc.UcanaccessStatement.executeQuery(UcanaccessStatement.java:155)
user lacks privilege or object not found: TPLAYERSWHERE
2016/04/26 11:14:11 - FMain.actionPerformed(FMain.java:351)
	FMain.btnAssignTeamPlayers_Click(FMain.java:479)
	FMain.AssignTeamPlayers(FMain.java:503)
	TeamPlayers.DAssignTeamPlayers.windowOpened(DAssignTeamPlayers.java:194)
	Utilities.CDatabaseUtilities.LoadComboBoxFromDatabase(CDatabaseUtilities.java:212)
	Utilities.CComboBox.SetSelectedIndex(CComboBox.java:624)
	Utilities.CComboBox.itemStateChanged(CComboBox.java:991)
	TeamPlayers.DAssignTeamPlayers.itemStateChanged(DAssignTeamPlayers.java:253)
	TeamPlayers.DAssignTeamPlayers.LoadTeamPlayers(DAssignTeamPlayers.java:289)
	Utilities.CDatabaseUtilities.LoadListWithPlayersFromDatabase(CDatabaseUtilities.java:534)
	net.ucanaccess.jdbc.UcanaccessStatement.executeQuery(UcanaccessStatement.java:155)
user lacks privilege or object not found: TPLAYERSWHERE
