2016/04/28 11:16:02 - FMain.actionPerformed(FMain.java:351)
	FMain.btnAssignTeamPlayers_Click(FMain.java:479)
	FMain.AssignTeamPlayers(FMain.java:503)
	TeamPlayers.DAssignTeamPlayers.windowOpened(DAssignTeamPlayers.java:194)
	Utilities.CDatabaseUtilities.LoadComboBoxFromDatabase(CDatabaseUtilities.java:212)
	Utilities.CComboBox.SetSelectedIndex(CComboBox.java:624)
	Utilities.CComboBox.itemStateChanged(CComboBox.java:991)
	TeamPlayers.DAssignTeamPlayers.itemStateChanged(DAssignTeamPlayers.java:253)
	TeamPlayers.DAssignTeamPlayers.LoadTeamPlayers(DAssignTeamPlayers.java:286)
	Utilities.CDatabaseUtilities.LoadListWithPlayersFromDatabase(CDatabaseUtilities.java:534)
	net.ucanaccess.jdbc.UcanaccessStatement.executeQuery(UcanaccessStatement.java:155)
user lacks privilege or object not found: INTTEAMSTATUS
2016/04/28 11:16:08 - FMain.actionPerformed(FMain.java:351)
	FMain.btnAssignTeamPlayers_Click(FMain.java:479)
	FMain.AssignTeamPlayers(FMain.java:503)
	TeamPlayers.DAssignTeamPlayers.windowOpened(DAssignTeamPlayers.java:194)
	Utilities.CDatabaseUtilities.LoadComboBoxFromDatabase(CDatabaseUtilities.java:212)
	Utilities.CComboBox.SetSelectedIndex(CComboBox.java:624)
	Utilities.CComboBox.itemStateChanged(CComboBox.java:991)
	TeamPlayers.DAssignTeamPlayers.itemStateChanged(DAssignTeamPlayers.java:253)
	TeamPlayers.DAssignTeamPlayers.LoadTeamPlayers(DAssignTeamPlayers.java:289)
	Utilities.CDatabaseUtilities.LoadListWithPlayersFromDatabase(CDatabaseUtilities.java:534)
	net.ucanaccess.jdbc.UcanaccessStatement.executeQuery(UcanaccessStatement.java:155)
user lacks privilege or object not found: INTTEAMSTATUS
2016/04/28 11:18:49 - FMain.actionPerformed(FMain.java:351)
	FMain.btnAssignTeamPlayers_Click(FMain.java:479)
	FMain.AssignTeamPlayers(FMain.java:503)
	TeamPlayers.DAssignTeamPlayers.windowOpened(DAssignTeamPlayers.java:194)
	Utilities.CDatabaseUtilities.LoadComboBoxFromDatabase(CDatabaseUtilities.java:212)
	Utilities.CComboBox.SetSelectedIndex(CComboBox.java:624)
	Utilities.CComboBox.itemStateChanged(CComboBox.java:991)
	TeamPlayers.DAssignTeamPlayers.itemStateChanged(DAssignTeamPlayers.java:253)
	TeamPlayers.DAssignTeamPlayers.LoadTeamPlayers(DAssignTeamPlayers.java:286)
	Utilities.CDatabaseUtilities.LoadListWithPlayersFromDatabase(CDatabaseUtilities.java:534)
	net.ucanaccess.jdbc.UcanaccessStatement.executeQuery(UcanaccessStatement.java:155)
user lacks privilege or object not found: INPLAYERSTATUSID
2016/04/28 11:18:54 - FMain.actionPerformed(FMain.java:351)
	FMain.btnAssignTeamPlayers_Click(FMain.java:479)
	FMain.AssignTeamPlayers(FMain.java:503)
	TeamPlayers.DAssignTeamPlayers.windowOpened(DAssignTeamPlayers.java:194)
	Utilities.CDatabaseUtilities.LoadComboBoxFromDatabase(CDatabaseUtilities.java:212)
	Utilities.CComboBox.SetSelectedIndex(CComboBox.java:624)
	Utilities.CComboBox.itemStateChanged(CComboBox.java:991)
	TeamPlayers.DAssignTeamPlayers.itemStateChanged(DAssignTeamPlayers.java:253)
	TeamPlayers.DAssignTeamPlayers.LoadTeamPlayers(DAssignTeamPlayers.java:289)
	Utilities.CDatabaseUtilities.LoadListWithPlayersFromDatabase(CDatabaseUtilities.java:534)
	net.ucanaccess.jdbc.UcanaccessStatement.executeQuery(UcanaccessStatement.java:155)
user lacks privilege or object not found: INPLAYERSTATUSID
2016/04/28 11:19:06 - FMain.actionPerformed(FMain.java:351)
	FMain.btnAssignTeamPlayers_Click(FMain.java:479)
	FMain.AssignTeamPlayers(FMain.java:503)
	TeamPlayers.DAssignTeamPlayers.windowOpened(DAssignTeamPlayers.java:194)
	Utilities.CDatabaseUtilities.LoadComboBoxFromDatabase(CDatabaseUtilities.java:212)
	Utilities.CComboBox.SetSelectedIndex(CComboBox.java:624)
	Utilities.CComboBox.itemStateChanged(CComboBox.java:991)
	TeamPlayers.DAssignTeamPlayers.itemStateChanged(DAssignTeamPlayers.java:253)
	TeamPlayers.DAssignTeamPlayers.LoadTeamPlayers(DAssignTeamPlayers.java:286)
	Utilities.CDatabaseUtilities.LoadListWithPlayersFromDatabase(CDatabaseUtilities.java:534)
	net.ucanaccess.jdbc.UcanaccessStatement.executeQuery(UcanaccessStatement.java:155)
unexpected token: WHERE
2016/04/28 11:19:11 - FMain.actionPerformed(FMain.java:351)
	FMain.btnAssignTeamPlayers_Click(FMain.java:479)
	FMain.AssignTeamPlayers(FMain.java:503)
	TeamPlayers.DAssignTeamPlayers.windowOpened(DAssignTeamPlayers.java:194)
	Utilities.CDatabaseUtilities.LoadComboBoxFromDatabase(CDatabaseUtilities.java:212)
	Utilities.CComboBox.SetSelectedIndex(CComboBox.java:624)
	Utilities.CComboBox.itemStateChanged(CComboBox.java:991)
	TeamPlayers.DAssignTeamPlayers.itemStateChanged(DAssignTeamPlayers.java:253)
	TeamPlayers.DAssignTeamPlayers.LoadTeamPlayers(DAssignTeamPlayers.java:289)
	Utilities.CDatabaseUtilities.LoadListWithPlayersFromDatabase(CDatabaseUtilities.java:534)
	net.ucanaccess.jdbc.UcanaccessStatement.executeQuery(UcanaccessStatement.java:155)
unexpected token: WHERE
2016/04/28 11:22:03 - FMain.actionPerformed(FMain.java:351)
	FMain.btnAssignTeamPlayers_Click(FMain.java:479)
	FMain.AssignTeamPlayers(FMain.java:503)
	TeamPlayers.DAssignTeamPlayers.windowOpened(DAssignTeamPlayers.java:194)
	Utilities.CDatabaseUtilities.LoadComboBoxFromDatabase(CDatabaseUtilities.java:212)
	Utilities.CComboBox.SetSelectedIndex(CComboBox.java:624)
	Utilities.CComboBox.itemStateChanged(CComboBox.java:991)
	TeamPlayers.DAssignTeamPlayers.itemStateChanged(DAssignTeamPlayers.java:253)
	TeamPlayers.DAssignTeamPlayers.LoadTeamPlayers(DAssignTeamPlayers.java:286)
	Utilities.CDatabaseUtilities.LoadListWithPlayersFromDatabase(CDatabaseUtilities.java:534)
	net.ucanaccess.jdbc.UcanaccessStatement.executeQuery(UcanaccessStatement.java:155)
unexpected token: AND required: (
2016/04/28 11:22:13 - FMain.actionPerformed(FMain.java:351)
	FMain.btnAssignTeamPlayers_Click(FMain.java:479)
	FMain.AssignTeamPlayers(FMain.java:503)
	TeamPlayers.DAssignTeamPlayers.windowOpened(DAssignTeamPlayers.java:194)
	Utilities.CDatabaseUtilities.LoadComboBoxFromDatabase(CDatabaseUtilities.java:212)
	Utilities.CComboBox.SetSelectedIndex(CComboBox.java:624)
	Utilities.CComboBox.itemStateChanged(CComboBox.java:991)
	TeamPlayers.DAssignTeamPlayers.itemStateChanged(DAssignTeamPlayers.java:253)
	TeamPlayers.DAssignTeamPlayers.LoadTeamPlayers(DAssignTeamPlayers.java:289)
	Utilities.CDatabaseUtilities.LoadListWithPlayersFromDatabase(CDatabaseUtilities.java:534)
	net.ucanaccess.jdbc.UcanaccessStatement.executeQuery(UcanaccessStatement.java:155)
unexpected token: AND required: (
2016/04/28 02:50:49 - FMain.actionPerformed(FMain.java:350)
	FMain.btnManageTeams_Click(FMain.java:417)
	FMain.ManageTeams(FMain.java:442)
	Teams.DManageTeams.actionPerformed(DManageTeams.java:283)
	Teams.DManageTeams.btnDelete_Click(DManageTeams.java:432)
	Utilities.CDatabaseUtilities.DeleteTeamFromDatabase(CDatabaseUtilities.java:491)
	net.ucanaccess.jdbc.UcanaccessResultSet.updateRow(UcanaccessResultSet.java:1592)
invalid cursor state: identifier cursor not positioned on row in UPDATE, DELETE, SET, or GET statement: ; ResultSet is positioned before first row
2016/04/28 02:56:35 - FMain.actionPerformed(FMain.java:350)
	FMain.btnManageTeams_Click(FMain.java:417)
	FMain.ManageTeams(FMain.java:442)
	Teams.DManageTeams.actionPerformed(DManageTeams.java:283)
	Teams.DManageTeams.btnDelete_Click(DManageTeams.java:432)
	Utilities.CDatabaseUtilities.DeleteTeamFromDatabase(CDatabaseUtilities.java:491)
	net.ucanaccess.jdbc.UcanaccessResultSet.updateRow(UcanaccessResultSet.java:1592)
invalid cursor state: identifier cursor not positioned on row in UPDATE, DELETE, SET, or GET statement: ; ResultSet is positioned before first row
2016/04/28 02:58:24 - FMain.actionPerformed(FMain.java:350)
	FMain.btnManageTeams_Click(FMain.java:417)
	FMain.ManageTeams(FMain.java:442)
	Teams.DManageTeams.actionPerformed(DManageTeams.java:283)
	Teams.DManageTeams.btnDelete_Click(DManageTeams.java:432)
	Utilities.CDatabaseUtilities.DeleteTeamFromDatabase(CDatabaseUtilities.java:491)
	net.ucanaccess.jdbc.UcanaccessResultSet.updateRow(UcanaccessResultSet.java:1592)
invalid cursor state: identifier cursor not positioned on row in UPDATE, DELETE, SET, or GET statement: ; ResultSet is positioned before first row
2016/04/28 11:09:44 - FMain.actionPerformed(FMain.java:352)
	FMain.btnManagePlayers_Click(FMain.java:541)
	FMain.ManagePlayers(FMain.java:566)
	Player.DManagePlayers.windowOpened(DManagePlayers.java:184)
	Player.DManagePlayers.LoadPlayersList(DManagePlayers.java:237)
	Utilities.CDatabaseUtilities.LoadListBoxFromDatabase(CDatabaseUtilities.java:138)
	net.ucanaccess.jdbc.UcanaccessStatement.executeQuery(UcanaccessStatement.java:155)
user lacks privilege or object not found: STRPLAYER
