2016/04/27 01:16:53 - FMain.actionPerformed(FMain.java:351)
	FMain.btnAssignTeamPlayers_Click(FMain.java:479)
	FMain.AssignTeamPlayers(FMain.java:503)
	TeamPlayers.DAssignTeamPlayers.actionPerformed(DAssignTeamPlayers.java:356)
	TeamPlayers.DAssignTeamPlayers.btnRemove_Click(DAssignTeamPlayers.java:476)
	Utilities.CDatabaseUtilities.RemovePlayerFromTeamInDatabase(CDatabaseUtilities.java:637)
	net.ucanaccess.jdbc.UcanaccessStatement.executeQuery(UcanaccessStatement.java:155)
user lacks privilege or object not found: RSTTTEAMPLAYERS
2016/04/27 01:18:32 - FMain.actionPerformed(FMain.java:351)
	FMain.btnAssignTeamPlayers_Click(FMain.java:479)
	FMain.AssignTeamPlayers(FMain.java:503)
	TeamPlayers.DAssignTeamPlayers.actionPerformed(DAssignTeamPlayers.java:356)
	TeamPlayers.DAssignTeamPlayers.btnRemove_Click(DAssignTeamPlayers.java:476)
	Utilities.CDatabaseUtilities.RemovePlayerFromTeamInDatabase(CDatabaseUtilities.java:637)
	net.ucanaccess.jdbc.UcanaccessStatement.executeQuery(UcanaccessStatement.java:155)
user lacks privilege or object not found: RSTTTEAMPLAYERS
2016/04/27 01:22:49 - FMain.actionPerformed(FMain.java:350)
	FMain.btnManageTeams_Click(FMain.java:417)
	FMain.ManageTeams(FMain.java:442)
	Teams.DManageTeams.actionPerformed(DManageTeams.java:283)
	Teams.DManageTeams.btnDelete_Click(DManageTeams.java:432)
	Utilities.CDatabaseUtilities.DeleteTeamFromDatabase(CDatabaseUtilities.java:478)
	Utilities.CDatabaseUtilities.DeleteRecordsFromTable(CDatabaseUtilities.java:299)
	net.ucanaccess.jdbc.UcanaccessStatement.execute(UcanaccessStatement.java:109)
integrity constraint violation: foreign key no action; TTEAMPLAYERS_TTEAMSTTEAMPLAYERS table: TTEAMPLAYERS
2016/04/27 01:25:48 - FMain.actionPerformed(FMain.java:352)
	FMain.btnManagePlayers_Click(FMain.java:541)
	FMain.ManagePlayers(FMain.java:566)
	Player.DManagePlayers.actionPerformed(DManagePlayers.java:233)
	Player.DManagePlayers.btnDelete_Click(DManagePlayers.java:388)
	Utilities.CDatabaseUtilities.DeletePlayerFromDatabase(CDatabaseUtilities.java:847)
	Utilities.CDatabaseUtilities.DeleteRecordsFromTable(CDatabaseUtilities.java:299)
	net.ucanaccess.jdbc.UcanaccessStatement.execute(UcanaccessStatement.java:109)
integrity constraint violation: foreign key no action; TTEAMPLAYERS_TPLAYERSTTEAMPLAYERS table: TTEAMPLAYERS
